d:\projects\visualstudioprojects\c-sharp\first-one\console_game_2\console_game_2\debug\vc142.pdb
d:\projects\visualstudioprojects\c-sharp\first-one\console_game_2\console_game_2\debug\vc142.idb
d:\projects\visualstudioprojects\c-sharp\first-one\console_game_2\console_game_2\debug\fpsshooter.obj
d:\projects\visualstudioprojects\c-sharp\first-one\console_game_2\console_game_2\debug\console_game_2.obj
d:\projects\visualstudioprojects\c-sharp\first-one\console_game_2\console_game_2\debug\player.obj
d:\projects\visualstudioprojects\c-sharp\first-one\console_game_2\console_game_2\debug\data.obj
d:\projects\visualstudioprojects\c-sharp\first-one\console_game_2\debug\console_game_2.exe
d:\projects\visualstudioprojects\c-sharp\first-one\console_game_2\console_game_2\debug\console_game_2.ilk
d:\projects\visualstudioprojects\c-sharp\first-one\console_game_2\debug\console_game_2.pdb
d:\projects\visualstudioprojects\c-sharp\first-one\console_game_2\console_game_2\debug\console_game_2.tlog\cl.command.1.tlog
d:\projects\visualstudioprojects\c-sharp\first-one\console_game_2\console_game_2\debug\console_game_2.tlog\cl.read.1.tlog
d:\projects\visualstudioprojects\c-sharp\first-one\console_game_2\console_game_2\debug\console_game_2.tlog\cl.write.1.tlog
d:\projects\visualstudioprojects\c-sharp\first-one\console_game_2\console_game_2\debug\console_game_2.tlog\link-cvtres.read.1.tlog
d:\projects\visualstudioprojects\c-sharp\first-one\console_game_2\console_game_2\debug\console_game_2.tlog\link-cvtres.write.1.tlog
d:\projects\visualstudioprojects\c-sharp\first-one\console_game_2\console_game_2\debug\console_game_2.tlog\link-rc.read.1.tlog
d:\projects\visualstudioprojects\c-sharp\first-one\console_game_2\console_game_2\debug\console_game_2.tlog\link-rc.write.1.tlog
d:\projects\visualstudioprojects\c-sharp\first-one\console_game_2\console_game_2\debug\console_game_2.tlog\link.19404-cvtres.read.1.tlog
d:\projects\visualstudioprojects\c-sharp\first-one\console_game_2\console_game_2\debug\console_game_2.tlog\link.19404-cvtres.write.1.tlog
d:\projects\visualstudioprojects\c-sharp\first-one\console_game_2\console_game_2\debug\console_game_2.tlog\link.19404-rc.read.1.tlog
d:\projects\visualstudioprojects\c-sharp\first-one\console_game_2\console_game_2\debug\console_game_2.tlog\link.19404-rc.write.1.tlog
d:\projects\visualstudioprojects\c-sharp\first-one\console_game_2\console_game_2\debug\console_game_2.tlog\link.19404.read.1.tlog
d:\projects\visualstudioprojects\c-sharp\first-one\console_game_2\console_game_2\debug\console_game_2.tlog\link.19404.write.1.tlog
d:\projects\visualstudioprojects\c-sharp\first-one\console_game_2\console_game_2\debug\console_game_2.tlog\link.command.1.tlog
d:\projects\visualstudioprojects\c-sharp\first-one\console_game_2\console_game_2\debug\console_game_2.tlog\link.read.1.tlog
d:\projects\visualstudioprojects\c-sharp\first-one\console_game_2\console_game_2\debug\console_game_2.tlog\link.write.1.tlog
